<?xml version="1.0" encoding="UTF-8"?>
<FindBugsFilter>
    <!-- Most of these "bugs" in tests are due to mockito methods -->
    <Match>
        <Bug pattern="RV_RETURN_VALUE_IGNORED_NO_SIDE_EFFECT"/>
    </Match>
    <Match>
        <Bug pattern="NM_SAME_SIMPLE_NAME_AS_SUPERCLASS"/>
    </Match>
</FindBugsFilter>
